<?xml version="1.0" encoding="UTF-8"?>
<!-- Generated by org.testng.reporters.JUnitReportReporter -->
<testsuite hostname="DESKTOP-GG32AFD" failures="0" tests="3" name="com.crm.testcases.LoginPageTest" time="26.872" errors="0" timestamp="7 Apr 2022 12:38:27 GMT">
  <testcase classname="com.crm.testcases.LoginPageTest" name="checktitle" time="7.568"/>
  <testcase classname="com.crm.testcases.LoginPageTest" name="checkurl" time="7.868"/>
  <testcase classname="com.crm.testcases.LoginPageTest" name="gotologinpage" time="11.436"/>
</testsuite> <!-- com.crm.testcases.LoginPageTest -->
